STATUS | wrapper  | 2018/05/14 03:27:48 | --> Wrapper Started as Console
STATUS | wrapper  | 2018/05/14 03:27:48 | Launching a JVM...
INFO   | jvm 1    | 2018/05/14 03:27:48 | Wrapper (Version 3.2.3) http://wrapper.tanukisoftware.org
INFO   | jvm 1    | 2018/05/14 03:27:48 |   Copyright 1999-2006 Tanuki Software, Inc.  All Rights Reserved.
INFO   | jvm 1    | 2018/05/14 03:27:48 | 
INFO   | jvm 1    | 2018/05/14 03:27:48 | Java Runtime: Oracle Corporation 1.8.0_171 C:\Program Files\Java\jre1.8.0_171
INFO   | jvm 1    | 2018/05/14 03:27:48 |   Heap sizes: current=502784k  free=479098k  max=932352k
INFO   | jvm 1    | 2018/05/14 03:27:48 |     JVM args: -Dactivemq.home=../.. -Dactivemq.base=../.. -Djavax.net.ssl.keyStorePassword=password -Djavax.net.ssl.trustStorePassword=password -Djavax.net.ssl.keyStore=../../conf/broker.ks -Djavax.net.ssl.trustStore=../../conf/broker.ts -Dcom.sun.management.jmxremote -Dorg.apache.activemq.UseDedicatedTaskRunner=true -Djava.util.logging.config.file=logging.properties -Dactivemq.conf=../../conf -Dactivemq.data=../../data -Djava.security.auth.login.config=../../conf/login.config -Xmx1024m -Djava.library.path=../../bin/win64 -Dwrapper.key=wpGAu__jqwNfAkHK -Dwrapper.port=32000 -Dwrapper.jvm.port.min=31000 -Dwrapper.jvm.port.max=31999 -Dwrapper.pid=6644 -Dwrapper.version=3.2.3 -Dwrapper.native_library=wrapper -Dwrapper.cpu.timeout=10 -Dwrapper.jvmid=1
INFO   | jvm 1    | 2018/05/14 03:27:48 | Extensions classpath:
INFO   | jvm 1    | 2018/05/14 03:27:48 |   [..\..\lib,..\..\lib\camel,..\..\lib\optional,..\..\lib\web,..\..\lib\extra]
INFO   | jvm 1    | 2018/05/14 03:27:48 | ACTIVEMQ_HOME: ..\..
INFO   | jvm 1    | 2018/05/14 03:27:48 | ACTIVEMQ_BASE: ..\..
INFO   | jvm 1    | 2018/05/14 03:27:48 | ACTIVEMQ_CONF: ..\..\conf
INFO   | jvm 1    | 2018/05/14 03:27:48 | ACTIVEMQ_DATA: ..\..\data
INFO   | jvm 1    | 2018/05/14 03:27:51 | Loading message broker from: xbean:activemq.xml
INFO   | jvm 1    | 2018/05/14 03:27:51 |  INFO | Refreshing org.apache.activemq.xbean.XBeanBrokerFactory$1@810ae15: startup date [Mon May 14 03:27:51 KST 2018]; root of context hierarchy
INFO   | jvm 1    | 2018/05/14 03:27:52 |  INFO | Using Persistence Adapter: KahaDBPersistenceAdapter[D:\apache-activemq-5.15.3\bin\win64\..\..\data\kahadb]
INFO   | jvm 1    | 2018/05/14 03:27:52 |  INFO | PListStore:[D:\apache-activemq-5.15.3\bin\win64\..\..\data\localhost\tmp_storage] started
INFO   | jvm 1    | 2018/05/14 03:27:52 |  INFO | Apache ActiveMQ 5.15.3 (localhost, ID:comkeen-1803-1526236072485-0:1) is starting
INFO   | jvm 1    | 2018/05/14 03:27:52 |  INFO | Listening for connections at: tcp://comkeen:61616?maximumConnections=1000&wireFormat.maxFrameSize=104857600
INFO   | jvm 1    | 2018/05/14 03:27:52 |  INFO | Connector openwire started
INFO   | jvm 1    | 2018/05/14 03:27:52 |  INFO | Listening for connections at: amqp://comkeen:5672?maximumConnections=1000&wireFormat.maxFrameSize=104857600
INFO   | jvm 1    | 2018/05/14 03:27:52 |  INFO | Connector amqp started
INFO   | jvm 1    | 2018/05/14 03:27:52 |  INFO | Listening for connections at: stomp://comkeen:61613?maximumConnections=1000&wireFormat.maxFrameSize=104857600
INFO   | jvm 1    | 2018/05/14 03:27:52 |  INFO | Connector stomp started
INFO   | jvm 1    | 2018/05/14 03:27:52 |  INFO | Listening for connections at: mqtt://comkeen:1883?maximumConnections=1000&wireFormat.maxFrameSize=104857600
INFO   | jvm 1    | 2018/05/14 03:27:52 |  INFO | Connector mqtt started
INFO   | jvm 1    | 2018/05/14 03:27:52 |  WARN | ServletContext@o.e.j.s.ServletContextHandler@57bf931f{/,null,STARTING} has uncovered http methods for path: /
INFO   | jvm 1    | 2018/05/14 03:27:52 |  INFO | Listening for connections at ws://comkeen:61614?maximumConnections=1000&wireFormat.maxFrameSize=104857600
INFO   | jvm 1    | 2018/05/14 03:27:52 |  INFO | Connector ws started
INFO   | jvm 1    | 2018/05/14 03:27:52 |  INFO | Apache ActiveMQ 5.15.3 (localhost, ID:comkeen-1803-1526236072485-0:1) started
INFO   | jvm 1    | 2018/05/14 03:27:52 |  INFO | For help or more information please see: http://activemq.apache.org
INFO   | jvm 1    | 2018/05/14 03:27:53 |  INFO | No Spring WebApplicationInitializer types detected on classpath
INFO   | jvm 1    | 2018/05/14 03:27:53 |  INFO | ActiveMQ WebConsole available at http://0.0.0.0:8161/
INFO   | jvm 1    | 2018/05/14 03:27:53 |  INFO | ActiveMQ Jolokia REST API available at http://0.0.0.0:8161/api/jolokia/
INFO   | jvm 1    | 2018/05/14 03:27:53 |  INFO | Initializing Spring FrameworkServlet 'dispatcher'
INFO   | jvm 1    | 2018/05/14 03:27:53 |  INFO | No Spring WebApplicationInitializer types detected on classpath
INFO   | jvm 1    | 2018/05/14 03:27:53 |  INFO | jolokia-agent: Using policy access restrictor classpath:/jolokia-access.xml
INFO   | jvm 1    | 2018/05/14 03:31:12 |  WARN | Transport Connection to: tcp://172.16.164.106:1852 failed: java.net.SocketException: Connection reset
INFO   | jvm 1    | 2018/05/14 03:31:12 |  WARN | Transport Connection to: tcp://172.16.164.106:1853 failed: java.net.SocketException: Connection reset
STATUS | wrapper  | 2018/05/15 13:34:11 | --> Wrapper Started as Console
STATUS | wrapper  | 2018/05/15 13:34:11 | Launching a JVM...
INFO   | jvm 1    | 2018/05/15 13:34:12 | Wrapper (Version 3.2.3) http://wrapper.tanukisoftware.org
INFO   | jvm 1    | 2018/05/15 13:34:12 |   Copyright 1999-2006 Tanuki Software, Inc.  All Rights Reserved.
INFO   | jvm 1    | 2018/05/15 13:34:12 | 
INFO   | jvm 1    | 2018/05/15 13:34:12 | Java Runtime: Oracle Corporation 1.8.0_171 C:\Program Files\Java\jre1.8.0_171
INFO   | jvm 1    | 2018/05/15 13:34:12 |   Heap sizes: current=502784k  free=479098k  max=932352k
INFO   | jvm 1    | 2018/05/15 13:34:12 |     JVM args: -Dactivemq.home=../.. -Dactivemq.base=../.. -Djavax.net.ssl.keyStorePassword=password -Djavax.net.ssl.trustStorePassword=password -Djavax.net.ssl.keyStore=../../conf/broker.ks -Djavax.net.ssl.trustStore=../../conf/broker.ts -Dcom.sun.management.jmxremote -Dorg.apache.activemq.UseDedicatedTaskRunner=true -Djava.util.logging.config.file=logging.properties -Dactivemq.conf=../../conf -Dactivemq.data=../../data -Djava.security.auth.login.config=../../conf/login.config -Xmx1024m -Djava.library.path=../../bin/win64 -Dwrapper.key=BsssRH9hlcLiBZlY -Dwrapper.port=32000 -Dwrapper.jvm.port.min=31000 -Dwrapper.jvm.port.max=31999 -Dwrapper.pid=24528 -Dwrapper.version=3.2.3 -Dwrapper.native_library=wrapper -Dwrapper.cpu.timeout=10 -Dwrapper.jvmid=1
INFO   | jvm 1    | 2018/05/15 13:34:12 | Extensions classpath:
INFO   | jvm 1    | 2018/05/15 13:34:12 |   [..\..\lib,..\..\lib\camel,..\..\lib\optional,..\..\lib\web,..\..\lib\extra]
INFO   | jvm 1    | 2018/05/15 13:34:12 | ACTIVEMQ_HOME: ..\..
INFO   | jvm 1    | 2018/05/15 13:34:12 | ACTIVEMQ_BASE: ..\..
INFO   | jvm 1    | 2018/05/15 13:34:12 | ACTIVEMQ_CONF: ..\..\conf
INFO   | jvm 1    | 2018/05/15 13:34:12 | ACTIVEMQ_DATA: ..\..\data
INFO   | jvm 1    | 2018/05/15 13:34:15 | Loading message broker from: xbean:activemq.xml
INFO   | jvm 1    | 2018/05/15 13:34:15 |  INFO | Refreshing org.apache.activemq.xbean.XBeanBrokerFactory$1@5705dc4e: startup date [Tue May 15 13:34:15 KST 2018]; root of context hierarchy
INFO   | jvm 1    | 2018/05/15 13:34:16 |  INFO | Using Persistence Adapter: KahaDBPersistenceAdapter[D:\Repository\KIEAS\IEAS_K\apache-activemq-5.15.3\bin\win64\..\..\data\kahadb]
INFO   | jvm 1    | 2018/05/15 13:34:16 |  INFO | KahaDB is version 6
INFO   | jvm 1    | 2018/05/15 13:34:16 |  INFO | PListStore:[D:\Repository\KIEAS\IEAS_K\apache-activemq-5.15.3\bin\win64\..\..\data\localhost\tmp_storage] started
INFO   | jvm 1    | 2018/05/15 13:34:16 |  INFO | Apache ActiveMQ 5.15.3 (localhost, ID:comkeen-6745-1526358856521-0:1) is starting
INFO   | jvm 1    | 2018/05/15 13:34:16 |  INFO | Listening for connections at: tcp://comkeen:61616?maximumConnections=1000&wireFormat.maxFrameSize=104857600
INFO   | jvm 1    | 2018/05/15 13:34:16 |  INFO | Connector openwire started
INFO   | jvm 1    | 2018/05/15 13:34:16 |  INFO | Listening for connections at: amqp://comkeen:5672?maximumConnections=1000&wireFormat.maxFrameSize=104857600
INFO   | jvm 1    | 2018/05/15 13:34:16 |  INFO | Connector amqp started
INFO   | jvm 1    | 2018/05/15 13:34:16 |  INFO | Listening for connections at: stomp://comkeen:61613?maximumConnections=1000&wireFormat.maxFrameSize=104857600
INFO   | jvm 1    | 2018/05/15 13:34:16 |  INFO | Connector stomp started
INFO   | jvm 1    | 2018/05/15 13:34:16 |  INFO | Listening for connections at: mqtt://comkeen:1883?maximumConnections=1000&wireFormat.maxFrameSize=104857600
INFO   | jvm 1    | 2018/05/15 13:34:16 |  INFO | Connector mqtt started
INFO   | jvm 1    | 2018/05/15 13:34:16 |  WARN | ServletContext@o.e.j.s.ServletContextHandler@1c60a69d{/,null,STARTING} has uncovered http methods for path: /
INFO   | jvm 1    | 2018/05/15 13:34:17 |  INFO | Listening for connections at ws://comkeen:61614?maximumConnections=1000&wireFormat.maxFrameSize=104857600
INFO   | jvm 1    | 2018/05/15 13:34:17 |  INFO | Connector ws started
INFO   | jvm 1    | 2018/05/15 13:34:17 |  INFO | Apache ActiveMQ 5.15.3 (localhost, ID:comkeen-6745-1526358856521-0:1) started
INFO   | jvm 1    | 2018/05/15 13:34:17 |  INFO | For help or more information please see: http://activemq.apache.org
INFO   | jvm 1    | 2018/05/15 13:34:17 |  INFO | No Spring WebApplicationInitializer types detected on classpath
INFO   | jvm 1    | 2018/05/15 13:34:17 |  INFO | ActiveMQ WebConsole available at http://0.0.0.0:8161/
INFO   | jvm 1    | 2018/05/15 13:34:17 |  INFO | ActiveMQ Jolokia REST API available at http://0.0.0.0:8161/api/jolokia/
INFO   | jvm 1    | 2018/05/15 13:34:17 |  INFO | Initializing Spring FrameworkServlet 'dispatcher'
INFO   | jvm 1    | 2018/05/15 13:34:17 |  INFO | No Spring WebApplicationInitializer types detected on classpath
INFO   | jvm 1    | 2018/05/15 13:34:18 |  INFO | jolokia-agent: Using policy access restrictor classpath:/jolokia-access.xml
INFO   | jvm 1    | 2018/05/15 15:58:13 |  WARN | Transport Connection to: tcp://127.0.0.1:6914 failed: java.net.SocketException: Connection reset
INFO   | jvm 1    | 2018/05/15 15:58:15 |  WARN | Transport Connection to: tcp://127.0.0.1:6999 failed: java.net.SocketException: Connection reset
INFO   | jvm 1    | 2018/05/15 15:58:15 |  WARN | Transport Connection to: tcp://127.0.0.1:6911 failed: java.net.SocketException: Connection reset
INFO   | jvm 1    | 2018/05/15 17:29:49 |  WARN | Transport Connection to: tcp://127.0.0.1:6814 failed: java.net.SocketException: Connection reset
INFO   | jvm 1    | 2018/05/15 17:29:49 |  WARN | Transport Connection to: tcp://127.0.0.1:6819 failed: java.net.SocketException: Connection reset
INFO   | jvm 1    | 2018/05/15 17:29:49 |  WARN | Transport Connection to: tcp://127.0.0.1:6818 failed: java.net.SocketException: Connection reset
INFO   | jvm 1    | 2018/05/15 17:29:51 |  WARN | Transport Connection to: tcp://127.0.0.1:6816 failed: java.net.SocketException: Connection reset
INFO   | jvm 1    | 2018/05/15 17:29:51 |  WARN | Transport Connection to: tcp://127.0.0.1:6822 failed: java.net.SocketException: Connection reset
INFO   | jvm 1    | 2018/05/15 17:29:51 |  WARN | Transport Connection to: tcp://127.0.0.1:6820 failed: java.net.SocketException: Connection reset
INFO   | jvm 1    | 2018/05/15 17:31:09 |  WARN | Transport Connection to: tcp://127.0.0.1:6921 failed: java.net.SocketException: Connection reset
INFO   | jvm 1    | 2018/05/15 17:31:09 |  WARN | Transport Connection to: tcp://127.0.0.1:6924 failed: java.net.SocketException: Connection reset
INFO   | jvm 1    | 2018/05/15 17:31:09 |  WARN | Transport Connection to: tcp://127.0.0.1:6923 failed: java.net.SocketException: Connection reset
INFO   | jvm 1    | 2018/05/15 17:31:10 |  WARN | Transport Connection to: tcp://127.0.0.1:6847 failed: java.net.SocketException: Connection reset
INFO   | jvm 1    | 2018/05/15 17:31:10 |  WARN | Transport Connection to: tcp://127.0.0.1:6848 failed: java.net.SocketException: Connection reset
INFO   | jvm 1    | 2018/05/15 17:31:10 |  WARN | Transport Connection to: tcp://127.0.0.1:6845 failed: java.net.SocketException: Connection reset
INFO   | jvm 1    | 2018/05/15 17:33:58 |  WARN | Transport Connection to: tcp://127.0.0.1:6937 failed: java.net.SocketException: Connection reset
INFO   | jvm 1    | 2018/05/15 17:33:58 |  WARN | Transport Connection to: tcp://127.0.0.1:6936 failed: java.net.SocketException: Connection reset
INFO   | jvm 1    | 2018/05/15 17:33:58 |  WARN | Transport Connection to: tcp://127.0.0.1:6934 failed: java.net.SocketException: Connection reset
STATUS | wrapper  | 2018/05/16 14:39:02 | --> Wrapper Started as Console
STATUS | wrapper  | 2018/05/16 14:39:03 | Launching a JVM...
INFO   | jvm 1    | 2018/05/16 14:39:03 | Wrapper (Version 3.2.3) http://wrapper.tanukisoftware.org
INFO   | jvm 1    | 2018/05/16 14:39:03 |   Copyright 1999-2006 Tanuki Software, Inc.  All Rights Reserved.
INFO   | jvm 1    | 2018/05/16 14:39:03 | 
INFO   | jvm 1    | 2018/05/16 14:39:03 | Java Runtime: Oracle Corporation 1.8.0_171 C:\Program Files\Java\jre1.8.0_171
INFO   | jvm 1    | 2018/05/16 14:39:03 |   Heap sizes: current=502784k  free=479098k  max=932352k
INFO   | jvm 1    | 2018/05/16 14:39:03 |     JVM args: -Dactivemq.home=../.. -Dactivemq.base=../.. -Djavax.net.ssl.keyStorePassword=password -Djavax.net.ssl.trustStorePassword=password -Djavax.net.ssl.keyStore=../../conf/broker.ks -Djavax.net.ssl.trustStore=../../conf/broker.ts -Dcom.sun.management.jmxremote -Dorg.apache.activemq.UseDedicatedTaskRunner=true -Djava.util.logging.config.file=logging.properties -Dactivemq.conf=../../conf -Dactivemq.data=../../data -Djava.security.auth.login.config=../../conf/login.config -Xmx1024m -Djava.library.path=../../bin/win64 -Dwrapper.key=o1_wbjpYKBkW8Tr7 -Dwrapper.port=32000 -Dwrapper.jvm.port.min=31000 -Dwrapper.jvm.port.max=31999 -Dwrapper.pid=8832 -Dwrapper.version=3.2.3 -Dwrapper.native_library=wrapper -Dwrapper.cpu.timeout=10 -Dwrapper.jvmid=1
INFO   | jvm 1    | 2018/05/16 14:39:03 | Extensions classpath:
INFO   | jvm 1    | 2018/05/16 14:39:03 |   [..\..\lib,..\..\lib\camel,..\..\lib\optional,..\..\lib\web,..\..\lib\extra]
INFO   | jvm 1    | 2018/05/16 14:39:03 | ACTIVEMQ_HOME: ..\..
INFO   | jvm 1    | 2018/05/16 14:39:03 | ACTIVEMQ_BASE: ..\..
INFO   | jvm 1    | 2018/05/16 14:39:03 | ACTIVEMQ_CONF: ..\..\conf
INFO   | jvm 1    | 2018/05/16 14:39:03 | ACTIVEMQ_DATA: ..\..\data
INFO   | jvm 1    | 2018/05/16 14:39:06 | Loading message broker from: xbean:activemq.xml
INFO   | jvm 1    | 2018/05/16 14:39:06 |  INFO | Refreshing org.apache.activemq.xbean.XBeanBrokerFactory$1@7e192efb: startup date [Wed May 16 14:39:06 KST 2018]; root of context hierarchy
INFO   | jvm 1    | 2018/05/16 14:39:07 |  INFO | Using Persistence Adapter: KahaDBPersistenceAdapter[D:\Repository\KIEAS\IEAS_K\apache-activemq-5.15.3\bin\win64\..\..\data\kahadb]
INFO   | jvm 1    | 2018/05/16 14:39:07 |  INFO | KahaDB is version 6
INFO   | jvm 1    | 2018/05/16 14:39:07 |  INFO | PListStore:[D:\Repository\KIEAS\IEAS_K\apache-activemq-5.15.3\bin\win64\..\..\data\localhost\tmp_storage] started
INFO   | jvm 1    | 2018/05/16 14:39:07 |  INFO | Apache ActiveMQ 5.15.3 (localhost, ID:comkeen-2876-1526449147689-0:1) is starting
INFO   | jvm 1    | 2018/05/16 14:39:08 |  INFO | Listening for connections at: tcp://comkeen:61616?maximumConnections=1000&wireFormat.maxFrameSize=104857600
INFO   | jvm 1    | 2018/05/16 14:39:08 |  INFO | Connector openwire started
INFO   | jvm 1    | 2018/05/16 14:39:08 |  INFO | Listening for connections at: amqp://comkeen:5672?maximumConnections=1000&wireFormat.maxFrameSize=104857600
INFO   | jvm 1    | 2018/05/16 14:39:08 |  INFO | Connector amqp started
INFO   | jvm 1    | 2018/05/16 14:39:08 |  INFO | Listening for connections at: stomp://comkeen:61613?maximumConnections=1000&wireFormat.maxFrameSize=104857600
INFO   | jvm 1    | 2018/05/16 14:39:08 |  INFO | Connector stomp started
INFO   | jvm 1    | 2018/05/16 14:39:08 |  INFO | Listening for connections at: mqtt://comkeen:1883?maximumConnections=1000&wireFormat.maxFrameSize=104857600
INFO   | jvm 1    | 2018/05/16 14:39:08 |  INFO | Connector mqtt started
INFO   | jvm 1    | 2018/05/16 14:39:08 |  WARN | ServletContext@o.e.j.s.ServletContextHandler@7292f750{/,null,STARTING} has uncovered http methods for path: /
INFO   | jvm 1    | 2018/05/16 14:39:08 |  INFO | Listening for connections at ws://comkeen:61614?maximumConnections=1000&wireFormat.maxFrameSize=104857600
INFO   | jvm 1    | 2018/05/16 14:39:08 |  INFO | Connector ws started
INFO   | jvm 1    | 2018/05/16 14:39:08 |  INFO | Apache ActiveMQ 5.15.3 (localhost, ID:comkeen-2876-1526449147689-0:1) started
INFO   | jvm 1    | 2018/05/16 14:39:08 |  INFO | For help or more information please see: http://activemq.apache.org
INFO   | jvm 1    | 2018/05/16 14:39:08 |  INFO | No Spring WebApplicationInitializer types detected on classpath
INFO   | jvm 1    | 2018/05/16 14:39:08 |  INFO | ActiveMQ WebConsole available at http://0.0.0.0:8161/
INFO   | jvm 1    | 2018/05/16 14:39:08 |  INFO | ActiveMQ Jolokia REST API available at http://0.0.0.0:8161/api/jolokia/
INFO   | jvm 1    | 2018/05/16 14:39:08 |  INFO | Initializing Spring FrameworkServlet 'dispatcher'
INFO   | jvm 1    | 2018/05/16 14:39:09 |  INFO | No Spring WebApplicationInitializer types detected on classpath
INFO   | jvm 1    | 2018/05/16 14:39:09 |  INFO | jolokia-agent: Using policy access restrictor classpath:/jolokia-access.xml
INFO   | jvm 1    | 2018/05/16 14:56:41 |  WARN | Transport Connection to: tcp://127.0.0.1:2949 failed: java.net.SocketException: Connection reset
INFO   | jvm 1    | 2018/05/16 14:56:41 |  WARN | Transport Connection to: tcp://127.0.0.1:2947 failed: java.net.SocketException: Connection reset
INFO   | jvm 1    | 2018/05/16 14:56:41 |  WARN | Transport Connection to: tcp://127.0.0.1:2948 failed: java.net.SocketException: Connection reset
STATUS | wrapper  | 2018/05/16 15:22:48 | --> Wrapper Started as Console
STATUS | wrapper  | 2018/05/16 15:22:49 | Launching a JVM...
INFO   | jvm 1    | 2018/05/16 15:22:49 | Wrapper (Version 3.2.3) http://wrapper.tanukisoftware.org
INFO   | jvm 1    | 2018/05/16 15:22:49 |   Copyright 1999-2006 Tanuki Software, Inc.  All Rights Reserved.
INFO   | jvm 1    | 2018/05/16 15:22:49 | 
INFO   | jvm 1    | 2018/05/16 15:22:49 | Java Runtime: Oracle Corporation 1.8.0_171 C:\Program Files\Java\jre1.8.0_171
INFO   | jvm 1    | 2018/05/16 15:22:49 |   Heap sizes: current=502784k  free=479098k  max=932352k
INFO   | jvm 1    | 2018/05/16 15:22:49 |     JVM args: -Dactivemq.home=../.. -Dactivemq.base=../.. -Djavax.net.ssl.keyStorePassword=password -Djavax.net.ssl.trustStorePassword=password -Djavax.net.ssl.keyStore=../../conf/broker.ks -Djavax.net.ssl.trustStore=../../conf/broker.ts -Dcom.sun.management.jmxremote -Dorg.apache.activemq.UseDedicatedTaskRunner=true -Djava.util.logging.config.file=logging.properties -Dactivemq.conf=../../conf -Dactivemq.data=../../data -Djava.security.auth.login.config=../../conf/login.config -Xmx1024m -Djava.library.path=../../bin/win64 -Dwrapper.key=zCIM1WG60RYhZxW0 -Dwrapper.port=32000 -Dwrapper.jvm.port.min=31000 -Dwrapper.jvm.port.max=31999 -Dwrapper.pid=6700 -Dwrapper.version=3.2.3 -Dwrapper.native_library=wrapper -Dwrapper.cpu.timeout=10 -Dwrapper.jvmid=1
INFO   | jvm 1    | 2018/05/16 15:22:49 | Extensions classpath:
INFO   | jvm 1    | 2018/05/16 15:22:49 |   [..\..\lib,..\..\lib\camel,..\..\lib\optional,..\..\lib\web,..\..\lib\extra]
INFO   | jvm 1    | 2018/05/16 15:22:49 | ACTIVEMQ_HOME: ..\..
INFO   | jvm 1    | 2018/05/16 15:22:49 | ACTIVEMQ_BASE: ..\..
INFO   | jvm 1    | 2018/05/16 15:22:49 | ACTIVEMQ_CONF: ..\..\conf
INFO   | jvm 1    | 2018/05/16 15:22:49 | ACTIVEMQ_DATA: ..\..\data
INFO   | jvm 1    | 2018/05/16 15:22:49 | Loading message broker from: xbean:activemq.xml
INFO   | jvm 1    | 2018/05/16 15:22:49 |  INFO | Refreshing org.apache.activemq.xbean.XBeanBrokerFactory$1@810ae15: startup date [Wed May 16 15:22:49 KST 2018]; root of context hierarchy
INFO   | jvm 1    | 2018/05/16 15:22:50 |  INFO | Using Persistence Adapter: KahaDBPersistenceAdapter[D:\Repository\KIEAS\IEAS_K\apache-activemq-5.15.3\bin\win64\..\..\data\kahadb]
INFO   | jvm 1    | 2018/05/16 15:22:50 |  INFO | KahaDB is version 6
INFO   | jvm 1    | 2018/05/16 15:22:50 |  INFO | PListStore:[D:\Repository\KIEAS\IEAS_K\apache-activemq-5.15.3\bin\win64\..\..\data\localhost\tmp_storage] started
INFO   | jvm 1    | 2018/05/16 15:22:50 |  INFO | Apache ActiveMQ 5.15.3 (localhost, ID:comkeen-3441-1526451770441-0:1) is starting
INFO   | jvm 1    | 2018/05/16 15:22:50 |  INFO | Listening for connections at: tcp://comkeen:61616?maximumConnections=1000&wireFormat.maxFrameSize=104857600
INFO   | jvm 1    | 2018/05/16 15:22:50 |  INFO | Connector openwire started
INFO   | jvm 1    | 2018/05/16 15:22:50 |  INFO | Listening for connections at: amqp://comkeen:5672?maximumConnections=1000&wireFormat.maxFrameSize=104857600
INFO   | jvm 1    | 2018/05/16 15:22:50 |  INFO | Connector amqp started
INFO   | jvm 1    | 2018/05/16 15:22:50 |  INFO | Listening for connections at: stomp://comkeen:61613?maximumConnections=1000&wireFormat.maxFrameSize=104857600
INFO   | jvm 1    | 2018/05/16 15:22:50 |  INFO | Connector stomp started
INFO   | jvm 1    | 2018/05/16 15:22:50 |  INFO | Listening for connections at: mqtt://comkeen:1883?maximumConnections=1000&wireFormat.maxFrameSize=104857600
INFO   | jvm 1    | 2018/05/16 15:22:50 |  INFO | Connector mqtt started
INFO   | jvm 1    | 2018/05/16 15:22:50 |  WARN | ServletContext@o.e.j.s.ServletContextHandler@7c9bebcb{/,null,STARTING} has uncovered http methods for path: /
INFO   | jvm 1    | 2018/05/16 15:22:50 |  INFO | Listening for connections at ws://comkeen:61614?maximumConnections=1000&wireFormat.maxFrameSize=104857600
INFO   | jvm 1    | 2018/05/16 15:22:50 |  INFO | Connector ws started
INFO   | jvm 1    | 2018/05/16 15:22:50 |  INFO | Apache ActiveMQ 5.15.3 (localhost, ID:comkeen-3441-1526451770441-0:1) started
INFO   | jvm 1    | 2018/05/16 15:22:50 |  INFO | For help or more information please see: http://activemq.apache.org
INFO   | jvm 1    | 2018/05/16 15:22:51 |  INFO | No Spring WebApplicationInitializer types detected on classpath
INFO   | jvm 1    | 2018/05/16 15:22:51 |  INFO | ActiveMQ WebConsole available at http://0.0.0.0:8161/
INFO   | jvm 1    | 2018/05/16 15:22:51 |  INFO | ActiveMQ Jolokia REST API available at http://0.0.0.0:8161/api/jolokia/
INFO   | jvm 1    | 2018/05/16 15:22:51 |  INFO | Initializing Spring FrameworkServlet 'dispatcher'
INFO   | jvm 1    | 2018/05/16 15:22:51 |  INFO | No Spring WebApplicationInitializer types detected on classpath
INFO   | jvm 1    | 2018/05/16 15:22:51 |  INFO | jolokia-agent: Using policy access restrictor classpath:/jolokia-access.xml
INFO   | jvm 1    | 2018/05/16 16:05:21 |  WARN | Transport Connection to: tcp://127.0.0.1:3465 failed: java.net.SocketException: Connection reset
INFO   | jvm 1    | 2018/05/16 16:05:21 |  WARN | Transport Connection to: tcp://127.0.0.1:3466 failed: java.net.SocketException: Connection reset
INFO   | jvm 1    | 2018/05/16 16:05:21 |  WARN | Transport Connection to: tcp://127.0.0.1:3464 failed: java.net.SocketException: Connection reset
STATUS | wrapper  | 2018/05/16 16:27:27 | --> Wrapper Started as Console
STATUS | wrapper  | 2018/05/16 16:27:27 | Launching a JVM...
INFO   | jvm 1    | 2018/05/16 16:27:27 | Wrapper (Version 3.2.3) http://wrapper.tanukisoftware.org
INFO   | jvm 1    | 2018/05/16 16:27:27 |   Copyright 1999-2006 Tanuki Software, Inc.  All Rights Reserved.
INFO   | jvm 1    | 2018/05/16 16:27:27 | 
INFO   | jvm 1    | 2018/05/16 16:27:28 | Java Runtime: Oracle Corporation 1.8.0_171 C:\Program Files\Java\jre1.8.0_171
INFO   | jvm 1    | 2018/05/16 16:27:28 |   Heap sizes: current=502784k  free=479098k  max=932352k
INFO   | jvm 1    | 2018/05/16 16:27:28 |     JVM args: -Dactivemq.home=../.. -Dactivemq.base=../.. -Djavax.net.ssl.keyStorePassword=password -Djavax.net.ssl.trustStorePassword=password -Djavax.net.ssl.keyStore=../../conf/broker.ks -Djavax.net.ssl.trustStore=../../conf/broker.ts -Dcom.sun.management.jmxremote -Dorg.apache.activemq.UseDedicatedTaskRunner=true -Djava.util.logging.config.file=logging.properties -Dactivemq.conf=../../conf -Dactivemq.data=../../data -Djava.security.auth.login.config=../../conf/login.config -Xmx1024m -Djava.library.path=../../bin/win64 -Dwrapper.key=pbmR03EgeCM7C24u -Dwrapper.port=32000 -Dwrapper.jvm.port.min=31000 -Dwrapper.jvm.port.max=31999 -Dwrapper.pid=18596 -Dwrapper.version=3.2.3 -Dwrapper.native_library=wrapper -Dwrapper.cpu.timeout=10 -Dwrapper.jvmid=1
INFO   | jvm 1    | 2018/05/16 16:27:28 | Extensions classpath:
INFO   | jvm 1    | 2018/05/16 16:27:28 |   [..\..\lib,..\..\lib\camel,..\..\lib\optional,..\..\lib\web,..\..\lib\extra]
INFO   | jvm 1    | 2018/05/16 16:27:28 | ACTIVEMQ_HOME: ..\..
INFO   | jvm 1    | 2018/05/16 16:27:28 | ACTIVEMQ_BASE: ..\..
INFO   | jvm 1    | 2018/05/16 16:27:28 | ACTIVEMQ_CONF: ..\..\conf
INFO   | jvm 1    | 2018/05/16 16:27:28 | ACTIVEMQ_DATA: ..\..\data
INFO   | jvm 1    | 2018/05/16 16:27:28 | Loading message broker from: xbean:activemq.xml
INFO   | jvm 1    | 2018/05/16 16:27:28 |  INFO | Refreshing org.apache.activemq.xbean.XBeanBrokerFactory$1@30359430: startup date [Wed May 16 16:27:28 KST 2018]; root of context hierarchy
INFO   | jvm 1    | 2018/05/16 16:27:28 |  INFO | Using Persistence Adapter: KahaDBPersistenceAdapter[D:\Repository\KIEAS\IEAS_K\apache-activemq-5.15.3\bin\win64\..\..\data\kahadb]
INFO   | jvm 1    | 2018/05/16 16:27:28 |  INFO | KahaDB is version 6
INFO   | jvm 1    | 2018/05/16 16:27:29 |  INFO | PListStore:[D:\Repository\KIEAS\IEAS_K\apache-activemq-5.15.3\bin\win64\..\..\data\localhost\tmp_storage] started
INFO   | jvm 1    | 2018/05/16 16:27:29 |  INFO | Apache ActiveMQ 5.15.3 (localhost, ID:comkeen-4050-1526455648935-0:1) is starting
INFO   | jvm 1    | 2018/05/16 16:27:29 |  INFO | Listening for connections at: tcp://comkeen:61616?maximumConnections=1000&wireFormat.maxFrameSize=104857600
INFO   | jvm 1    | 2018/05/16 16:27:29 |  INFO | Connector openwire started
INFO   | jvm 1    | 2018/05/16 16:27:29 |  INFO | Listening for connections at: amqp://comkeen:5672?maximumConnections=1000&wireFormat.maxFrameSize=104857600
INFO   | jvm 1    | 2018/05/16 16:27:29 |  INFO | Connector amqp started
INFO   | jvm 1    | 2018/05/16 16:27:29 |  INFO | Listening for connections at: stomp://comkeen:61613?maximumConnections=1000&wireFormat.maxFrameSize=104857600
INFO   | jvm 1    | 2018/05/16 16:27:29 |  INFO | Connector stomp started
INFO   | jvm 1    | 2018/05/16 16:27:29 |  INFO | Listening for connections at: mqtt://comkeen:1883?maximumConnections=1000&wireFormat.maxFrameSize=104857600
INFO   | jvm 1    | 2018/05/16 16:27:29 |  INFO | Connector mqtt started
INFO   | jvm 1    | 2018/05/16 16:27:29 |  WARN | ServletContext@o.e.j.s.ServletContextHandler@350f37ea{/,null,STARTING} has uncovered http methods for path: /
INFO   | jvm 1    | 2018/05/16 16:27:29 |  INFO | Listening for connections at ws://comkeen:61614?maximumConnections=1000&wireFormat.maxFrameSize=104857600
INFO   | jvm 1    | 2018/05/16 16:27:29 |  INFO | Connector ws started
INFO   | jvm 1    | 2018/05/16 16:27:29 |  INFO | Apache ActiveMQ 5.15.3 (localhost, ID:comkeen-4050-1526455648935-0:1) started
INFO   | jvm 1    | 2018/05/16 16:27:29 |  INFO | For help or more information please see: http://activemq.apache.org
INFO   | jvm 1    | 2018/05/16 16:27:29 |  INFO | No Spring WebApplicationInitializer types detected on classpath
INFO   | jvm 1    | 2018/05/16 16:27:29 |  INFO | ActiveMQ WebConsole available at http://0.0.0.0:8161/
INFO   | jvm 1    | 2018/05/16 16:27:29 |  INFO | ActiveMQ Jolokia REST API available at http://0.0.0.0:8161/api/jolokia/
INFO   | jvm 1    | 2018/05/16 16:27:29 |  INFO | Initializing Spring FrameworkServlet 'dispatcher'
INFO   | jvm 1    | 2018/05/16 16:27:30 |  INFO | No Spring WebApplicationInitializer types detected on classpath
INFO   | jvm 1    | 2018/05/16 16:27:30 |  INFO | jolokia-agent: Using policy access restrictor classpath:/jolokia-access.xml
STATUS | wrapper  | 2018/05/23 15:13:29 | --> Wrapper Started as Console
STATUS | wrapper  | 2018/05/23 15:13:29 | Launching a JVM...
INFO   | jvm 1    | 2018/05/23 15:13:30 | Wrapper (Version 3.2.3) http://wrapper.tanukisoftware.org
INFO   | jvm 1    | 2018/05/23 15:13:30 |   Copyright 1999-2006 Tanuki Software, Inc.  All Rights Reserved.
INFO   | jvm 1    | 2018/05/23 15:13:30 | 
INFO   | jvm 1    | 2018/05/23 15:13:30 | Java Runtime: Oracle Corporation 1.8.0_171 C:\Program Files\Java\jre1.8.0_171
INFO   | jvm 1    | 2018/05/23 15:13:30 |   Heap sizes: current=502784k  free=479098k  max=932352k
INFO   | jvm 1    | 2018/05/23 15:13:30 |     JVM args: -Dactivemq.home=../.. -Dactivemq.base=../.. -Djavax.net.ssl.keyStorePassword=password -Djavax.net.ssl.trustStorePassword=password -Djavax.net.ssl.keyStore=../../conf/broker.ks -Djavax.net.ssl.trustStore=../../conf/broker.ts -Dcom.sun.management.jmxremote -Dorg.apache.activemq.UseDedicatedTaskRunner=true -Djava.util.logging.config.file=logging.properties -Dactivemq.conf=../../conf -Dactivemq.data=../../data -Djava.security.auth.login.config=../../conf/login.config -Xmx1024m -Djava.library.path=../../bin/win64 -Dwrapper.key=NF3jgwcS_7lWCXak -Dwrapper.port=32000 -Dwrapper.jvm.port.min=31000 -Dwrapper.jvm.port.max=31999 -Dwrapper.pid=6128 -Dwrapper.version=3.2.3 -Dwrapper.native_library=wrapper -Dwrapper.cpu.timeout=10 -Dwrapper.jvmid=1
INFO   | jvm 1    | 2018/05/23 15:13:30 | Extensions classpath:
INFO   | jvm 1    | 2018/05/23 15:13:30 |   [..\..\lib,..\..\lib\camel,..\..\lib\optional,..\..\lib\web,..\..\lib\extra]
INFO   | jvm 1    | 2018/05/23 15:13:30 | ACTIVEMQ_HOME: ..\..
INFO   | jvm 1    | 2018/05/23 15:13:30 | ACTIVEMQ_BASE: ..\..
INFO   | jvm 1    | 2018/05/23 15:13:30 | ACTIVEMQ_CONF: ..\..\conf
INFO   | jvm 1    | 2018/05/23 15:13:30 | ACTIVEMQ_DATA: ..\..\data
INFO   | jvm 1    | 2018/05/23 15:13:33 | Loading message broker from: xbean:activemq.xml
INFO   | jvm 1    | 2018/05/23 15:13:34 |  INFO | Refreshing org.apache.activemq.xbean.XBeanBrokerFactory$1@7e192efb: startup date [Wed May 23 15:13:33 KST 2018]; root of context hierarchy
INFO   | jvm 1    | 2018/05/23 15:13:34 |  INFO | Using Persistence Adapter: KahaDBPersistenceAdapter[D:\Repository\KIEAS\IEAS_K\apache-activemq-5.15.3\bin\win64\..\..\data\kahadb]
INFO   | jvm 1    | 2018/05/23 15:13:34 |  INFO | KahaDB is version 6
INFO   | jvm 1    | 2018/05/23 15:13:35 |  INFO | PListStore:[D:\Repository\KIEAS\IEAS_K\apache-activemq-5.15.3\bin\win64\..\..\data\localhost\tmp_storage] started
INFO   | jvm 1    | 2018/05/23 15:13:35 |  INFO | Apache ActiveMQ 5.15.3 (localhost, ID:comkeen-12090-1527056014946-0:1) is starting
INFO   | jvm 1    | 2018/05/23 15:13:35 |  INFO | Listening for connections at: tcp://comkeen:61616?maximumConnections=1000&wireFormat.maxFrameSize=104857600
INFO   | jvm 1    | 2018/05/23 15:13:35 |  INFO | Connector openwire started
INFO   | jvm 1    | 2018/05/23 15:13:35 |  INFO | Listening for connections at: amqp://comkeen:5672?maximumConnections=1000&wireFormat.maxFrameSize=104857600
INFO   | jvm 1    | 2018/05/23 15:13:35 |  INFO | Connector amqp started
INFO   | jvm 1    | 2018/05/23 15:13:35 |  INFO | Listening for connections at: stomp://comkeen:61613?maximumConnections=1000&wireFormat.maxFrameSize=104857600
INFO   | jvm 1    | 2018/05/23 15:13:35 |  INFO | Connector stomp started
INFO   | jvm 1    | 2018/05/23 15:13:35 |  INFO | Listening for connections at: mqtt://comkeen:1883?maximumConnections=1000&wireFormat.maxFrameSize=104857600
INFO   | jvm 1    | 2018/05/23 15:13:35 |  INFO | Connector mqtt started
INFO   | jvm 1    | 2018/05/23 15:13:35 |  WARN | ServletContext@o.e.j.s.ServletContextHandler@3489b4a2{/,null,STARTING} has uncovered http methods for path: /
INFO   | jvm 1    | 2018/05/23 15:13:35 |  INFO | Listening for connections at ws://comkeen:61614?maximumConnections=1000&wireFormat.maxFrameSize=104857600
INFO   | jvm 1    | 2018/05/23 15:13:35 |  INFO | Connector ws started
INFO   | jvm 1    | 2018/05/23 15:13:35 |  INFO | Apache ActiveMQ 5.15.3 (localhost, ID:comkeen-12090-1527056014946-0:1) started
INFO   | jvm 1    | 2018/05/23 15:13:35 |  INFO | For help or more information please see: http://activemq.apache.org
INFO   | jvm 1    | 2018/05/23 15:13:36 |  INFO | No Spring WebApplicationInitializer types detected on classpath
INFO   | jvm 1    | 2018/05/23 15:13:36 |  INFO | ActiveMQ WebConsole available at http://0.0.0.0:8161/
INFO   | jvm 1    | 2018/05/23 15:13:36 |  INFO | ActiveMQ Jolokia REST API available at http://0.0.0.0:8161/api/jolokia/
INFO   | jvm 1    | 2018/05/23 15:13:36 |  INFO | Initializing Spring FrameworkServlet 'dispatcher'
INFO   | jvm 1    | 2018/05/23 15:13:36 |  INFO | No Spring WebApplicationInitializer types detected on classpath
INFO   | jvm 1    | 2018/05/23 15:13:36 |  INFO | jolokia-agent: Using policy access restrictor classpath:/jolokia-access.xml
INFO   | jvm 1    | 2018/05/23 15:38:40 |  WARN | Transport Connection to: tcp://127.0.0.1:12109 failed: java.net.SocketException: Connection reset
INFO   | jvm 1    | 2018/05/23 15:38:40 |  WARN | Transport Connection to: tcp://127.0.0.1:12181 failed: java.net.SocketException: Connection reset
INFO   | jvm 1    | 2018/05/23 15:38:40 |  WARN | Transport Connection to: tcp://127.0.0.1:12177 failed: java.net.SocketException: Connection reset
INFO   | jvm 1    | 2018/05/23 15:38:40 |  WARN | Transport Connection to: tcp://127.0.0.1:12110 failed: java.net.SocketException: Connection reset
INFO   | jvm 1    | 2018/05/23 15:38:40 |  WARN | Transport Connection to: tcp://127.0.0.1:12111 failed: java.net.SocketException: Connection reset
INFO   | jvm 1    | 2018/05/23 15:38:40 |  WARN | Transport Connection to: tcp://127.0.0.1:12182 failed: java.net.SocketException: Connection reset
STATUS | wrapper  | 2018/06/06 09:41:18 | --> Wrapper Started as Console
STATUS | wrapper  | 2018/06/06 09:41:18 | Launching a JVM...
INFO   | jvm 1    | 2018/06/06 09:41:19 | Wrapper (Version 3.2.3) http://wrapper.tanukisoftware.org
INFO   | jvm 1    | 2018/06/06 09:41:19 |   Copyright 1999-2006 Tanuki Software, Inc.  All Rights Reserved.
INFO   | jvm 1    | 2018/06/06 09:41:19 | 
INFO   | jvm 1    | 2018/06/06 09:41:20 | Java Runtime: Oracle Corporation 1.8.0_171 C:\Program Files\Java\jre1.8.0_171
INFO   | jvm 1    | 2018/06/06 09:41:20 |   Heap sizes: current=251392k  free=236973k  max=932352k
INFO   | jvm 1    | 2018/06/06 09:41:20 |     JVM args: -Dactivemq.home=../.. -Dactivemq.base=../.. -Djavax.net.ssl.keyStorePassword=password -Djavax.net.ssl.trustStorePassword=password -Djavax.net.ssl.keyStore=../../conf/broker.ks -Djavax.net.ssl.trustStore=../../conf/broker.ts -Dcom.sun.management.jmxremote -Dorg.apache.activemq.UseDedicatedTaskRunner=true -Djava.util.logging.config.file=logging.properties -Dactivemq.conf=../../conf -Dactivemq.data=../../data -Djava.security.auth.login.config=../../conf/login.config -Xmx1024m -Djava.library.path=../../bin/win64 -Dwrapper.key=WsPGvCLxTbA6hoV5 -Dwrapper.port=32000 -Dwrapper.jvm.port.min=31000 -Dwrapper.jvm.port.max=31999 -Dwrapper.pid=8424 -Dwrapper.version=3.2.3 -Dwrapper.native_library=wrapper -Dwrapper.cpu.timeout=10 -Dwrapper.jvmid=1
INFO   | jvm 1    | 2018/06/06 09:41:20 | Extensions classpath:
INFO   | jvm 1    | 2018/06/06 09:41:20 |   [..\..\lib,..\..\lib\camel,..\..\lib\optional,..\..\lib\web,..\..\lib\extra]
INFO   | jvm 1    | 2018/06/06 09:41:20 | ACTIVEMQ_HOME: ..\..
INFO   | jvm 1    | 2018/06/06 09:41:20 | ACTIVEMQ_BASE: ..\..
INFO   | jvm 1    | 2018/06/06 09:41:20 | ACTIVEMQ_CONF: ..\..\conf
INFO   | jvm 1    | 2018/06/06 09:41:20 | ACTIVEMQ_DATA: ..\..\data
INFO   | jvm 1    | 2018/06/06 09:41:20 | Loading message broker from: xbean:activemq.xml
INFO   | jvm 1    | 2018/06/06 09:41:20 |  INFO | Refreshing org.apache.activemq.xbean.XBeanBrokerFactory$1@5705dc4e: startup date [Wed Jun 06 09:41:20 KST 2018]; root of context hierarchy
INFO   | jvm 1    | 2018/06/06 09:41:22 |  INFO | Using Persistence Adapter: KahaDBPersistenceAdapter[C:\work\KIEAS\IEAS_K\apache-activemq-5.15.3\bin\win64\..\..\data\kahadb]
INFO   | jvm 1    | 2018/06/06 09:41:22 |  INFO | KahaDB is version 6
INFO   | jvm 1    | 2018/06/06 09:41:22 |  INFO | PListStore:[C:\work\KIEAS\IEAS_K\apache-activemq-5.15.3\bin\win64\..\..\data\localhost\tmp_storage] started
INFO   | jvm 1    | 2018/06/06 09:41:22 |  INFO | Apache ActiveMQ 5.15.3 (localhost, ID:DESKTOP-DOAOUFD-62765-1528245682335-0:1) is starting
INFO   | jvm 1    | 2018/06/06 09:41:22 |  INFO | Listening for connections at: tcp://DESKTOP-DOAOUFD:61616?maximumConnections=1000&wireFormat.maxFrameSize=104857600
INFO   | jvm 1    | 2018/06/06 09:41:22 |  INFO | Connector openwire started
INFO   | jvm 1    | 2018/06/06 09:41:22 |  INFO | Listening for connections at: amqp://DESKTOP-DOAOUFD:5672?maximumConnections=1000&wireFormat.maxFrameSize=104857600
INFO   | jvm 1    | 2018/06/06 09:41:22 |  INFO | Connector amqp started
INFO   | jvm 1    | 2018/06/06 09:41:22 |  INFO | Listening for connections at: stomp://DESKTOP-DOAOUFD:61613?maximumConnections=1000&wireFormat.maxFrameSize=104857600
INFO   | jvm 1    | 2018/06/06 09:41:22 |  INFO | Connector stomp started
INFO   | jvm 1    | 2018/06/06 09:41:22 |  INFO | Listening for connections at: mqtt://DESKTOP-DOAOUFD:1883?maximumConnections=1000&wireFormat.maxFrameSize=104857600
INFO   | jvm 1    | 2018/06/06 09:41:22 |  INFO | Connector mqtt started
INFO   | jvm 1    | 2018/06/06 09:41:23 |  WARN | ServletContext@o.e.j.s.ServletContextHandler@6f6718e4{/,null,STARTING} has uncovered http methods for path: /
INFO   | jvm 1    | 2018/06/06 09:41:23 |  INFO | Listening for connections at ws://DESKTOP-DOAOUFD:61614?maximumConnections=1000&wireFormat.maxFrameSize=104857600
INFO   | jvm 1    | 2018/06/06 09:41:23 |  INFO | Connector ws started
INFO   | jvm 1    | 2018/06/06 09:41:23 |  INFO | Apache ActiveMQ 5.15.3 (localhost, ID:DESKTOP-DOAOUFD-62765-1528245682335-0:1) started
INFO   | jvm 1    | 2018/06/06 09:41:23 |  INFO | For help or more information please see: http://activemq.apache.org
INFO   | jvm 1    | 2018/06/06 09:41:23 |  INFO | No Spring WebApplicationInitializer types detected on classpath
INFO   | jvm 1    | 2018/06/06 09:41:24 |  INFO | ActiveMQ WebConsole available at http://0.0.0.0:8161/
INFO   | jvm 1    | 2018/06/06 09:41:24 |  INFO | ActiveMQ Jolokia REST API available at http://0.0.0.0:8161/api/jolokia/
INFO   | jvm 1    | 2018/06/06 09:41:24 |  INFO | Initializing Spring FrameworkServlet 'dispatcher'
INFO   | jvm 1    | 2018/06/06 09:41:24 |  INFO | No Spring WebApplicationInitializer types detected on classpath
INFO   | jvm 1    | 2018/06/06 09:41:24 |  INFO | jolokia-agent: Using policy access restrictor classpath:/jolokia-access.xml
INFO   | jvm 1    | 2018/06/06 09:43:11 |  WARN | Transport Connection to: tcp://127.0.0.1:62791 failed: java.net.SocketException: Connection reset
INFO   | jvm 1    | 2018/06/06 09:43:11 |  WARN | Transport Connection to: tcp://127.0.0.1:62790 failed: java.net.SocketException: Connection reset
INFO   | jvm 1    | 2018/06/06 09:43:11 |  WARN | Transport Connection to: tcp://127.0.0.1:62789 failed: java.net.SocketException: Connection reset
STATUS | wrapper  | 2018/06/06 10:20:26 | --> Wrapper Started as Console
STATUS | wrapper  | 2018/06/06 10:20:26 | Launching a JVM...
INFO   | jvm 1    | 2018/06/06 10:20:26 | Wrapper (Version 3.2.3) http://wrapper.tanukisoftware.org
INFO   | jvm 1    | 2018/06/06 10:20:26 |   Copyright 1999-2006 Tanuki Software, Inc.  All Rights Reserved.
INFO   | jvm 1    | 2018/06/06 10:20:26 | 
INFO   | jvm 1    | 2018/06/06 10:20:27 | Java Runtime: Oracle Corporation 1.8.0_171 C:\Program Files\Java\jre1.8.0_171
INFO   | jvm 1    | 2018/06/06 10:20:27 |   Heap sizes: current=251392k  free=236973k  max=932352k
INFO   | jvm 1    | 2018/06/06 10:20:27 |     JVM args: -Dactivemq.home=../.. -Dactivemq.base=../.. -Djavax.net.ssl.keyStorePassword=password -Djavax.net.ssl.trustStorePassword=password -Djavax.net.ssl.keyStore=../../conf/broker.ks -Djavax.net.ssl.trustStore=../../conf/broker.ts -Dcom.sun.management.jmxremote -Dorg.apache.activemq.UseDedicatedTaskRunner=true -Djava.util.logging.config.file=logging.properties -Dactivemq.conf=../../conf -Dactivemq.data=../../data -Djava.security.auth.login.config=../../conf/login.config -Xmx1024m -Djava.library.path=../../bin/win64 -Dwrapper.key=AJ_luUFagCsGk5XE -Dwrapper.port=32000 -Dwrapper.jvm.port.min=31000 -Dwrapper.jvm.port.max=31999 -Dwrapper.pid=10824 -Dwrapper.version=3.2.3 -Dwrapper.native_library=wrapper -Dwrapper.cpu.timeout=10 -Dwrapper.jvmid=1
INFO   | jvm 1    | 2018/06/06 10:20:27 | Extensions classpath:
INFO   | jvm 1    | 2018/06/06 10:20:27 |   [..\..\lib,..\..\lib\camel,..\..\lib\optional,..\..\lib\web,..\..\lib\extra]
INFO   | jvm 1    | 2018/06/06 10:20:27 | ACTIVEMQ_HOME: ..\..
INFO   | jvm 1    | 2018/06/06 10:20:27 | ACTIVEMQ_BASE: ..\..
INFO   | jvm 1    | 2018/06/06 10:20:27 | ACTIVEMQ_CONF: ..\..\conf
INFO   | jvm 1    | 2018/06/06 10:20:27 | ACTIVEMQ_DATA: ..\..\data
INFO   | jvm 1    | 2018/06/06 10:20:27 | Loading message broker from: xbean:activemq.xml
INFO   | jvm 1    | 2018/06/06 10:20:27 |  INFO | Refreshing org.apache.activemq.xbean.XBeanBrokerFactory$1@30359430: startup date [Wed Jun 06 10:20:27 KST 2018]; root of context hierarchy
INFO   | jvm 1    | 2018/06/06 10:20:29 |  INFO | Using Persistence Adapter: KahaDBPersistenceAdapter[C:\work\KIEAS\IEAS_K\apache-activemq-5.15.3\bin\win64\..\..\data\kahadb]
INFO   | jvm 1    | 2018/06/06 10:20:29 |  INFO | KahaDB is version 6
INFO   | jvm 1    | 2018/06/06 10:20:29 |  INFO | PListStore:[C:\work\KIEAS\IEAS_K\apache-activemq-5.15.3\bin\win64\..\..\data\localhost\tmp_storage] started
INFO   | jvm 1    | 2018/06/06 10:20:29 |  INFO | Apache ActiveMQ 5.15.3 (localhost, ID:DESKTOP-DOAOUFD-63554-1528248029532-0:1) is starting
INFO   | jvm 1    | 2018/06/06 10:20:29 |  INFO | Listening for connections at: tcp://DESKTOP-DOAOUFD:61616?maximumConnections=1000&wireFormat.maxFrameSize=104857600
INFO   | jvm 1    | 2018/06/06 10:20:29 |  INFO | Connector openwire started
INFO   | jvm 1    | 2018/06/06 10:20:29 |  INFO | Listening for connections at: amqp://DESKTOP-DOAOUFD:5672?maximumConnections=1000&wireFormat.maxFrameSize=104857600
INFO   | jvm 1    | 2018/06/06 10:20:29 |  INFO | Connector amqp started
INFO   | jvm 1    | 2018/06/06 10:20:29 |  INFO | Listening for connections at: stomp://DESKTOP-DOAOUFD:61613?maximumConnections=1000&wireFormat.maxFrameSize=104857600
INFO   | jvm 1    | 2018/06/06 10:20:29 |  INFO | Connector stomp started
INFO   | jvm 1    | 2018/06/06 10:20:29 |  INFO | Listening for connections at: mqtt://DESKTOP-DOAOUFD:1883?maximumConnections=1000&wireFormat.maxFrameSize=104857600
INFO   | jvm 1    | 2018/06/06 10:20:29 |  INFO | Connector mqtt started
INFO   | jvm 1    | 2018/06/06 10:20:30 |  WARN | ServletContext@o.e.j.s.ServletContextHandler@350f37ea{/,null,STARTING} has uncovered http methods for path: /
INFO   | jvm 1    | 2018/06/06 10:20:30 |  INFO | Listening for connections at ws://DESKTOP-DOAOUFD:61614?maximumConnections=1000&wireFormat.maxFrameSize=104857600
INFO   | jvm 1    | 2018/06/06 10:20:30 |  INFO | Connector ws started
INFO   | jvm 1    | 2018/06/06 10:20:30 |  INFO | Apache ActiveMQ 5.15.3 (localhost, ID:DESKTOP-DOAOUFD-63554-1528248029532-0:1) started
INFO   | jvm 1    | 2018/06/06 10:20:30 |  INFO | For help or more information please see: http://activemq.apache.org
INFO   | jvm 1    | 2018/06/06 10:20:30 |  INFO | No Spring WebApplicationInitializer types detected on classpath
INFO   | jvm 1    | 2018/06/06 10:20:31 |  INFO | ActiveMQ WebConsole available at http://0.0.0.0:8161/
INFO   | jvm 1    | 2018/06/06 10:20:31 |  INFO | ActiveMQ Jolokia REST API available at http://0.0.0.0:8161/api/jolokia/
INFO   | jvm 1    | 2018/06/06 10:20:31 |  INFO | Initializing Spring FrameworkServlet 'dispatcher'
INFO   | jvm 1    | 2018/06/06 10:20:31 |  INFO | No Spring WebApplicationInitializer types detected on classpath
INFO   | jvm 1    | 2018/06/06 10:20:32 |  INFO | jolokia-agent: Using policy access restrictor classpath:/jolokia-access.xml
INFO   | jvm 1    | 2018/06/06 10:22:45 |  WARN | Transport Connection to: tcp://127.0.0.1:63579 failed: java.net.SocketException: Connection reset
INFO   | jvm 1    | 2018/06/06 10:22:45 |  WARN | Transport Connection to: tcp://127.0.0.1:63578 failed: java.net.SocketException: Connection reset
INFO   | jvm 1    | 2018/06/06 10:22:45 |  WARN | Transport Connection to: tcp://127.0.0.1:63577 failed: java.net.SocketException: Connection reset
STATUS | wrapper  | 2018/06/06 10:31:01 | --> Wrapper Started as Console
STATUS | wrapper  | 2018/06/06 10:31:01 | Launching a JVM...
INFO   | jvm 1    | 2018/06/06 10:31:02 | Wrapper (Version 3.2.3) http://wrapper.tanukisoftware.org
INFO   | jvm 1    | 2018/06/06 10:31:02 |   Copyright 1999-2006 Tanuki Software, Inc.  All Rights Reserved.
INFO   | jvm 1    | 2018/06/06 10:31:02 | 
INFO   | jvm 1    | 2018/06/06 10:31:02 | Java Runtime: Oracle Corporation 1.8.0_171 C:\Program Files\Java\jre1.8.0_171
INFO   | jvm 1    | 2018/06/06 10:31:02 |   Heap sizes: current=251392k  free=236973k  max=932352k
INFO   | jvm 1    | 2018/06/06 10:31:02 |     JVM args: -Dactivemq.home=../.. -Dactivemq.base=../.. -Djavax.net.ssl.keyStorePassword=password -Djavax.net.ssl.trustStorePassword=password -Djavax.net.ssl.keyStore=../../conf/broker.ks -Djavax.net.ssl.trustStore=../../conf/broker.ts -Dcom.sun.management.jmxremote -Dorg.apache.activemq.UseDedicatedTaskRunner=true -Djava.util.logging.config.file=logging.properties -Dactivemq.conf=../../conf -Dactivemq.data=../../data -Djava.security.auth.login.config=../../conf/login.config -Xmx1024m -Djava.library.path=../../bin/win64 -Dwrapper.key=hMtdHUD6gVnXZ76f -Dwrapper.port=32000 -Dwrapper.jvm.port.min=31000 -Dwrapper.jvm.port.max=31999 -Dwrapper.pid=5324 -Dwrapper.version=3.2.3 -Dwrapper.native_library=wrapper -Dwrapper.cpu.timeout=10 -Dwrapper.jvmid=1
INFO   | jvm 1    | 2018/06/06 10:31:02 | Extensions classpath:
INFO   | jvm 1    | 2018/06/06 10:31:02 |   [..\..\lib,..\..\lib\camel,..\..\lib\optional,..\..\lib\web,..\..\lib\extra]
INFO   | jvm 1    | 2018/06/06 10:31:02 | ACTIVEMQ_HOME: ..\..
INFO   | jvm 1    | 2018/06/06 10:31:02 | ACTIVEMQ_BASE: ..\..
INFO   | jvm 1    | 2018/06/06 10:31:02 | ACTIVEMQ_CONF: ..\..\conf
INFO   | jvm 1    | 2018/06/06 10:31:02 | ACTIVEMQ_DATA: ..\..\data
INFO   | jvm 1    | 2018/06/06 10:31:02 | Loading message broker from: xbean:activemq.xml
INFO   | jvm 1    | 2018/06/06 10:31:02 |  INFO | Refreshing org.apache.activemq.xbean.XBeanBrokerFactory$1@73f23090: startup date [Wed Jun 06 10:31:02 KST 2018]; root of context hierarchy
INFO   | jvm 1    | 2018/06/06 10:31:04 |  INFO | Using Persistence Adapter: KahaDBPersistenceAdapter[C:\work\KIEAS\IEAS_K\apache-activemq-5.15.3\bin\win64\..\..\data\kahadb]
INFO   | jvm 1    | 2018/06/06 10:31:04 |  INFO | KahaDB is version 6
INFO   | jvm 1    | 2018/06/06 10:31:04 |  INFO | PListStore:[C:\work\KIEAS\IEAS_K\apache-activemq-5.15.3\bin\win64\..\..\data\localhost\tmp_storage] started
INFO   | jvm 1    | 2018/06/06 10:31:04 |  INFO | Apache ActiveMQ 5.15.3 (localhost, ID:DESKTOP-DOAOUFD-59307-1528248664467-0:1) is starting
INFO   | jvm 1    | 2018/06/06 10:31:04 |  INFO | Listening for connections at: tcp://DESKTOP-DOAOUFD:61616?maximumConnections=1000&wireFormat.maxFrameSize=104857600
INFO   | jvm 1    | 2018/06/06 10:31:04 |  INFO | Connector openwire started
INFO   | jvm 1    | 2018/06/06 10:31:04 |  INFO | Listening for connections at: amqp://DESKTOP-DOAOUFD:5672?maximumConnections=1000&wireFormat.maxFrameSize=104857600
INFO   | jvm 1    | 2018/06/06 10:31:04 |  INFO | Connector amqp started
INFO   | jvm 1    | 2018/06/06 10:31:04 |  INFO | Listening for connections at: stomp://DESKTOP-DOAOUFD:61613?maximumConnections=1000&wireFormat.maxFrameSize=104857600
INFO   | jvm 1    | 2018/06/06 10:31:04 |  INFO | Connector stomp started
INFO   | jvm 1    | 2018/06/06 10:31:04 |  INFO | Listening for connections at: mqtt://DESKTOP-DOAOUFD:1883?maximumConnections=1000&wireFormat.maxFrameSize=104857600
INFO   | jvm 1    | 2018/06/06 10:31:04 |  INFO | Connector mqtt started
INFO   | jvm 1    | 2018/06/06 10:31:05 |  WARN | ServletContext@o.e.j.s.ServletContextHandler@103e5e94{/,null,STARTING} has uncovered http methods for path: /
INFO   | jvm 1    | 2018/06/06 10:31:05 |  INFO | Listening for connections at ws://DESKTOP-DOAOUFD:61614?maximumConnections=1000&wireFormat.maxFrameSize=104857600
INFO   | jvm 1    | 2018/06/06 10:31:05 |  INFO | Connector ws started
INFO   | jvm 1    | 2018/06/06 10:31:05 |  INFO | Apache ActiveMQ 5.15.3 (localhost, ID:DESKTOP-DOAOUFD-59307-1528248664467-0:1) started
INFO   | jvm 1    | 2018/06/06 10:31:05 |  INFO | For help or more information please see: http://activemq.apache.org
INFO   | jvm 1    | 2018/06/06 10:31:06 |  INFO | No Spring WebApplicationInitializer types detected on classpath
INFO   | jvm 1    | 2018/06/06 10:31:06 |  INFO | ActiveMQ WebConsole available at http://0.0.0.0:8161/
INFO   | jvm 1    | 2018/06/06 10:31:06 |  INFO | ActiveMQ Jolokia REST API available at http://0.0.0.0:8161/api/jolokia/
INFO   | jvm 1    | 2018/06/06 10:31:06 |  INFO | Initializing Spring FrameworkServlet 'dispatcher'
INFO   | jvm 1    | 2018/06/06 10:31:06 |  INFO | No Spring WebApplicationInitializer types detected on classpath
INFO   | jvm 1    | 2018/06/06 10:31:06 |  INFO | jolokia-agent: Using policy access restrictor classpath:/jolokia-access.xml
INFO   | jvm 1    | 2018/06/06 10:32:28 |  WARN | Transport Connection to: tcp://127.0.0.1:59353 failed: java.net.SocketException: Connection reset
INFO   | jvm 1    | 2018/06/06 10:32:40 |  WARN | Transport Connection to: tcp://127.0.0.1:59360 failed: java.net.SocketException: Connection reset
INFO   | jvm 1    | 2018/06/06 10:32:40 |  WARN | Transport Connection to: tcp://127.0.0.1:59361 failed: java.net.SocketException: Connection reset
INFO   | jvm 1    | 2018/06/06 10:32:40 |  WARN | Transport Connection to: tcp://127.0.0.1:59359 failed: java.net.SocketException: Connection reset
INFO   | jvm 1    | 2018/06/06 10:32:41 |  WARN | Transport Connection to: tcp://127.0.0.1:59352 failed: java.net.SocketException: Connection reset
INFO   | jvm 1    | 2018/06/06 10:33:56 |  WARN | Transport Connection to: tcp://127.0.0.1:59386 failed: java.net.SocketException: Connection reset
INFO   | jvm 1    | 2018/06/06 10:33:56 |  WARN | Transport Connection to: tcp://127.0.0.1:59390 failed: java.net.SocketException: Connection reset
INFO   | jvm 1    | 2018/06/06 10:33:56 |  WARN | Transport Connection to: tcp://127.0.0.1:59389 failed: java.net.SocketException: Connection reset
INFO   | jvm 1    | 2018/06/06 10:35:05 |  WARN | Transport Connection to: tcp://127.0.0.1:59419 failed: java.net.SocketException: Connection reset
INFO   | jvm 1    | 2018/06/06 10:35:05 |  WARN | Transport Connection to: tcp://127.0.0.1:59421 failed: java.net.SocketException: Connection reset
INFO   | jvm 1    | 2018/06/06 10:35:05 |  WARN | Transport Connection to: tcp://127.0.0.1:59420 failed: java.net.SocketException: Connection reset
INFO   | jvm 1    | 2018/06/06 11:16:55 |  WARN | Transport Connection to: tcp://127.0.0.1:59738 failed: java.net.SocketException: Connection reset
INFO   | jvm 1    | 2018/06/06 11:16:55 |  WARN | Transport Connection to: tcp://127.0.0.1:59740 failed: java.net.SocketException: Connection reset
INFO   | jvm 1    | 2018/06/06 11:16:55 |  WARN | Transport Connection to: tcp://127.0.0.1:59739 failed: java.net.SocketException: Connection reset
INFO   | jvm 1    | 2018/06/06 11:18:38 |  WARN | Transport Connection to: tcp://127.0.0.1:59757 failed: java.net.SocketException: Connection reset
INFO   | jvm 1    | 2018/06/06 11:18:38 |  WARN | Transport Connection to: tcp://127.0.0.1:59759 failed: java.net.SocketException: Connection reset
INFO   | jvm 1    | 2018/06/06 11:18:38 |  WARN | Transport Connection to: tcp://127.0.0.1:59758 failed: java.net.SocketException: Connection reset
INFO   | jvm 1    | 2018/06/06 11:24:40 |  WARN | Transport Connection to: tcp://127.0.0.1:59767 failed: java.net.SocketException: Connection reset
INFO   | jvm 1    | 2018/06/06 11:24:40 |  WARN | Transport Connection to: tcp://127.0.0.1:59768 failed: java.net.SocketException: Connection reset
INFO   | jvm 1    | 2018/06/06 11:24:40 |  WARN | Transport Connection to: tcp://127.0.0.1:59766 failed: java.net.SocketException: Connection reset
INFO   | jvm 1    | 2018/06/06 12:06:23 |  WARN | Transport Connection to: tcp://127.0.0.1:56226 failed: java.net.SocketException: Connection reset
INFO   | jvm 1    | 2018/06/06 12:06:23 |  WARN | Transport Connection to: tcp://127.0.0.1:56225 failed: java.net.SocketException: Connection reset
INFO   | jvm 1    | 2018/06/06 12:06:23 |  WARN | Transport Connection to: tcp://127.0.0.1:56224 failed: java.net.SocketException: Connection reset
INFO   | jvm 1    | 2018/06/06 12:07:57 |  WARN | Transport Connection to: tcp://127.0.0.1:56229 failed: java.net.SocketException: Connection reset
INFO   | jvm 1    | 2018/06/06 12:07:57 |  WARN | Transport Connection to: tcp://127.0.0.1:56231 failed: java.net.SocketException: Connection reset
INFO   | jvm 1    | 2018/06/06 12:07:57 |  WARN | Transport Connection to: tcp://127.0.0.1:56230 failed: java.net.SocketException: Connection reset
INFO   | jvm 1    | 2018/06/06 12:10:48 |  WARN | Transport Connection to: tcp://127.0.0.1:56248 failed: java.net.SocketException: Connection reset
INFO   | jvm 1    | 2018/06/06 12:10:48 |  WARN | Transport Connection to: tcp://127.0.0.1:56250 failed: java.net.SocketException: Connection reset
INFO   | jvm 1    | 2018/06/06 12:10:48 |  WARN | Transport Connection to: tcp://127.0.0.1:56249 failed: java.net.SocketException: Connection reset
INFO   | jvm 1    | 2018/06/06 12:14:53 |  WARN | Transport Connection to: tcp://127.0.0.1:56280 failed: java.net.SocketException: Connection reset
INFO   | jvm 1    | 2018/06/06 12:14:53 |  WARN | Transport Connection to: tcp://127.0.0.1:56282 failed: java.net.SocketException: Connection reset
INFO   | jvm 1    | 2018/06/06 12:14:53 |  WARN | Transport Connection to: tcp://127.0.0.1:56281 failed: java.net.SocketException: Connection reset
INFO   | jvm 1    | 2018/06/06 12:41:54 |  WARN | Transport Connection to: tcp://127.0.0.1:56435 failed: java.net.SocketException: Connection reset
INFO   | jvm 1    | 2018/06/06 12:41:54 |  WARN | Transport Connection to: tcp://127.0.0.1:56437 failed: java.net.SocketException: Connection reset
INFO   | jvm 1    | 2018/06/06 12:41:54 |  WARN | Transport Connection to: tcp://127.0.0.1:56436 failed: java.net.SocketException: Connection reset
INFO   | jvm 1    | 2018/06/06 12:41:56 |  WARN | Transport Connection to: tcp://127.0.0.1:56411 failed: java.net.SocketException: Connection reset
INFO   | jvm 1    | 2018/06/06 12:41:56 |  WARN | Transport Connection to: tcp://127.0.0.1:56410 failed: java.net.SocketException: Connection reset
INFO   | jvm 1    | 2018/06/06 12:41:56 |  WARN | Transport Connection to: tcp://127.0.0.1:56409 failed: java.net.SocketException: Connection reset
INFO   | jvm 1    | 2018/06/06 12:45:30 |  WARN | Transport Connection to: tcp://127.0.0.1:56443 failed: java.net.SocketException: Connection reset
INFO   | jvm 1    | 2018/06/06 12:45:30 |  WARN | Transport Connection to: tcp://127.0.0.1:56445 failed: java.net.SocketException: Connection reset
INFO   | jvm 1    | 2018/06/06 12:45:30 |  WARN | Transport Connection to: tcp://127.0.0.1:56444 failed: java.net.SocketException: Connection reset
INFO   | jvm 1    | 2018/06/06 12:46:55 |  WARN | Transport Connection to: tcp://127.0.0.1:56472 failed: java.net.SocketException: Connection reset
INFO   | jvm 1    | 2018/06/06 12:46:55 |  WARN | Transport Connection to: tcp://127.0.0.1:56474 failed: java.net.SocketException: Connection reset
INFO   | jvm 1    | 2018/06/06 12:46:55 |  WARN | Transport Connection to: tcp://127.0.0.1:56473 failed: java.net.SocketException: Connection reset
INFO   | jvm 1    | 2018/06/06 12:46:58 |  WARN | Transport Connection to: tcp://127.0.0.1:56462 failed: java.net.SocketException: Connection reset
INFO   | jvm 1    | 2018/06/06 12:46:58 |  WARN | Transport Connection to: tcp://127.0.0.1:56464 failed: java.net.SocketException: Connection reset
INFO   | jvm 1    | 2018/06/06 12:46:58 |  WARN | Transport Connection to: tcp://127.0.0.1:56463 failed: java.net.SocketException: Connection reset
INFO   | jvm 1    | 2018/06/06 12:50:19 |  WARN | Transport Connection to: tcp://127.0.0.1:56502 failed: java.net.SocketException: Connection reset
INFO   | jvm 1    | 2018/06/06 12:50:49 |  WARN | Transport Connection to: tcp://127.0.0.1:56504 failed: java.net.SocketException: Connection reset
INFO   | jvm 1    | 2018/06/06 12:50:49 |  WARN | Transport Connection to: tcp://127.0.0.1:56505 failed: java.net.SocketException: Connection reset
INFO   | jvm 1    | 2018/06/06 12:50:49 |  WARN | Transport Connection to: tcp://127.0.0.1:56506 failed: java.net.SocketException: Connection reset
